[2026-05-06T22:07:13] mfm evaluation invoked (exit=n/a) :: python "plugins/model-family-mae/scripts/mfm_cli.py" run "experiments/xgboost/work_items/20260506-220015-smoke-all_numeric.json" --timeout-seconds 900 --overwrite-experiment
[2026-05-06T22:11:02] mfm evaluation invoked (exit=n/a) :: python "plugins/model-family-mae/scripts/mfm_cli.py" run "experiments/xgboost/work_items/20260506-220906-smoke-numeric_plus_basic_cats.json" --timeout-seconds 900 --overwrite-experiment
[2026-05-06T22:15:10] mfm evaluation invoked (exit=n/a) :: python "plugins/model-family-mae/scripts/mfm_cli.py" run "experiments/xgboost/work_items/20260506-221254-smoke-geo_signal.json" --timeout-seconds 900 --overwrite-experiment
[2026-05-06T22:20:00] mfm evaluation invoked (exit=n/a) :: python "plugins/model-family-mae/scripts/mfm_cli.py" run "experiments/xgboost/work_items/20260506-221828-deepen-geo_signal.json" --timeout-seconds 900 --overwrite-experiment
[2026-05-06T22:22:11] mfm evaluation invoked (exit=n/a) :: python "plugins/model-family-mae/scripts/mfm_cli.py" run "experiments/xgboost/work_items/20260506-222118-deepen-geo_signal.json" --timeout-seconds 900 --overwrite-experiment
[2026-05-06T22:24:28] mfm evaluation invoked (exit=n/a) :: python "plugins/model-family-mae/scripts/mfm_cli.py" plan --family "xgboost" --feature-lane "geo_signal" --description "deepen iter3: presence flags on geo+ratios" --params-summary "single_knob=presence_flags" --write && python "plugins/model-family-mae/scripts/mfm_cli.py" run "$(ls -t experiments/xgboost/work_items/*deepen-geo_signal.json | head -1)" --timeout-seconds 900 --overwrite-experiment
[2026-05-06T22:26:15] mfm evaluation invoked (exit=n/a) :: python "plugins/model-family-mae/scripts/mfm_cli.py" run "experiments/xgboost/work_items/20260506-222515-deepen-geo_signal.json" --timeout-seconds 900 --overwrite-experiment && python "plugins/model-family-mae/scripts/mfm_cli.py" reflect "experiments/xgboost/runs/20260506-222515-deepen-geo_signal/result.json"
[2026-05-06T22:28:11] mfm evaluation invoked (exit=n/a) :: python "plugins/model-family-mae/scripts/mfm_cli.py" plan --family "xgboost" --feature-lane "geo_signal" --description "deepen iter5: transaction date ordinal" --params-summary "single_knob=date_ordinal" --write && python "plugins/model-family-mae/scripts/mfm_cli.py" run "$(ls -t experiments/xgboost/work_items/*deepen-geo_signal.json | head -1)" --timeout-seconds 900 --overwrite-experiment
[2026-05-06T22:29:48] mfm evaluation invoked (exit=n/a) :: python "plugins/model-family-mae/scripts/mfm_cli.py" plan --family "xgboost" --feature-lane "geo_signal" --description "deepen iter6: room count + area aggregates" --params-summary "single_knob=room_aggregates" --write && python "plugins/model-family-mae/scripts/mfm_cli.py" run "$(ls -t experiments/xgboost/work_items/*deepen-geo_signal.json | head -1)" --timeout-seconds 900 --overwrite-experiment
[2026-05-06T22:31:43] mfm evaluation invoked (exit=n/a) :: python "plugins/model-family-mae/scripts/mfm_cli.py" plan --family "xgboost" --feature-lane "geo_signal" --description "deepen iter7: avg area per apt/house" --params-summary "single_knob=avg_area_per_unit" --write && python "plugins/model-family-mae/scripts/mfm_cli.py" run "$(ls -t experiments/xgboost/work_items/*deepen-geo_signal.json | head -1)" --timeout-seconds 900 --overwrite-experiment
[2026-05-06T22:34:09] mfm evaluation invoked (exit=n/a) :: python "plugins/model-family-mae/scripts/mfm_cli.py" plan --family "xgboost" --feature-lane "geo_signal" --description "deepen iter8: fold-safe commune target encoding (smooth=20)" --params-summary "single_knob=commune_target_enc_smooth20" --write && python "plugins/model-family-mae/scripts/mfm_cli.py" run "$(ls -t experiments/xgboost/work_items/*deepen-geo_signal.json | head -1)" --timeout-seconds 900 --overwrite-experiment
[2026-05-06T22:36:21] mfm evaluation invoked (exit=n/a) :: python "plugins/model-family-mae/scripts/mfm_cli.py" run "experiments/xgboost/work_items/20260506-223517-deepen-geo_signal.json" --timeout-seconds 900 --overwrite-experiment
[2026-05-06T22:38:07] mfm evaluation invoked (exit=n/a) :: python "plugins/model-family-mae/scripts/mfm_cli.py" plan --family "xgboost" --feature-lane "geo_signal" --description "deepen iter10: re-add property_type as third native cat" --params-summary "single_knob=property_type_cat" --write && python "plugins/model-family-mae/scripts/mfm_cli.py" run "$(ls -t experiments/xgboost/work_items/*deepen-geo_signal.json | head -1)" --timeout-seconds 900 --overwrite-experiment
[2026-05-06T22:44:43] mfm evaluation invoked (exit=n/a) :: python "plugins/model-family-mae/scripts/mfm_cli.py" plan --family "xgboost" --feature-lane "geo_signal" --description "tune iter1: lr=0.025, n_est=1000" --params-summary "single_knob=lr025_nest1000" --write && python "plugins/model-family-mae/scripts/mfm_cli.py" run "$(ls -t experiments/xgboost/work_items/*deepen-geo_signal.json experiments/xgboost/work_items/*tune-geo_signal.json 2>/dev/null | head -1)" --timeout-seconds 900 --overwrite-experiment
[2026-05-06T22:46:59] mfm evaluation invoked (exit=n/a) :: python "plugins/model-family-mae/scripts/mfm_cli.py" plan --family "xgboost" --feature-lane "geo_signal" --description "tune iter2: max_depth=5" --params-summary "single_knob=max_depth5" --write && wi=$(ls -t experiments/xgboost/work_items/*deepen-geo_signal.json experiments/xgboost/work_items/*tune-geo_signal.json 2>/dev/null | head -1) && python "plugins/model-family-mae/scripts/mfm_cli.py" run "$wi" --timeout-seconds 900 --overwrite-experiment
[2026-05-06T22:49:38] mfm evaluation invoked (exit=n/a) :: python "plugins/model-family-mae/scripts/mfm_cli.py" plan --family "xgboost" --feature-lane "geo_signal" --description "tune iter3: max_depth=6" --params-summary "single_knob=max_depth6" --write && wi=$(ls -t experiments/xgboost/work_items/*deepen-geo_signal.json experiments/xgboost/work_items/*tune-geo_signal.json 2>/dev/null | head -1) && python "plugins/model-family-mae/scripts/mfm_cli.py" run "$wi" --timeout-seconds 900 --overwrite-experiment
[2026-05-06T22:59:39] mfm evaluation invoked (exit=n/a) :: python "plugins/model-family-mae/scripts/mfm_cli.py" plan --family "xgboost" --feature-lane "geo_signal" --description "tune iter4: min_child_weight=3" --params-summary "single_knob=mcw3" --write && wi=$(ls -t experiments/xgboost/work_items/*deepen-geo_signal.json experiments/xgboost/work_items/*tune-geo_signal.json 2>/dev/null | head -1) && python "plugins/model-family-mae/scripts/mfm_cli.py" run "$wi" --timeout-seconds 900 --overwrite-experiment
[2026-05-06T23:01:49] mfm evaluation invoked (exit=n/a) :: python "plugins/model-family-mae/scripts/mfm_cli.py" plan --family "xgboost" --feature-lane "geo_signal" --description "tune iter5: min_child_weight=10" --params-summary "single_knob=mcw10" --write && wi=$(ls -t experiments/xgboost/work_items/*deepen-geo_signal.json experiments/xgboost/work_items/*tune-geo_signal.json 2>/dev/null | head -1) && python "plugins/model-family-mae/scripts/mfm_cli.py" run "$wi" --timeout-seconds 900 --overwrite-experiment
[2026-05-06T23:03:44] mfm evaluation invoked (exit=n/a) :: python "plugins/model-family-mae/scripts/mfm_cli.py" plan --family "xgboost" --feature-lane "geo_signal" --description "tune iter6: subsample=0.7" --params-summary "single_knob=subsample07" --write && wi=$(ls -t experiments/xgboost/work_items/*deepen-geo_signal.json experiments/xgboost/work_items/*tune-geo_signal.json 2>/dev/null | head -1) && python "plugins/model-family-mae/scripts/mfm_cli.py" run "$wi" --timeout-seconds 900 --overwrite-experiment
[2026-05-06T23:05:35] mfm evaluation invoked (exit=n/a) :: python "plugins/model-family-mae/scripts/mfm_cli.py" plan --family "xgboost" --feature-lane "geo_signal" --description "tune iter7: subsample=0.9" --params-summary "single_knob=subsample09" --write && wi=$(ls -t experiments/xgboost/work_items/*deepen-geo_signal.json experiments/xgboost/work_items/*tune-geo_signal.json 2>/dev/null | head -1) && python "plugins/model-family-mae/scripts/mfm_cli.py" run "$wi" --timeout-seconds 900 --overwrite-experiment
[2026-05-06T23:08:27] mfm evaluation invoked (exit=n/a) :: python "plugins/model-family-mae/scripts/mfm_cli.py" plan --family "xgboost" --feature-lane "geo_signal" --description "tune iter8: colsample_bytree=0.7" --params-summary "single_knob=colsample07" --write && wi=$(ls -t experiments/xgboost/work_items/*deepen-geo_signal.json experiments/xgboost/work_items/*tune-geo_signal.json 2>/dev/null | head -1) && python "plugins/model-family-mae/scripts/mfm_cli.py" run "$wi" --timeout-seconds 900 --overwrite-experiment
[2026-05-06T23:10:03] mfm evaluation invoked (exit=n/a) :: python "plugins/model-family-mae/scripts/mfm_cli.py" plan --family "xgboost" --feature-lane "geo_signal" --description "tune iter9: reg_lambda=2.0" --params-summary "single_knob=reg_lambda2" --write && wi=$(ls -t experiments/xgboost/work_items/*deepen-geo_signal.json experiments/xgboost/work_items/*tune-geo_signal.json 2>/dev/null | head -1) && python "plugins/model-family-mae/scripts/mfm_cli.py" run "$wi" --timeout-seconds 900 --overwrite-experiment
[2026-05-06T23:11:48] mfm evaluation invoked (exit=n/a) :: python "plugins/model-family-mae/scripts/mfm_cli.py" plan --family "xgboost" --feature-lane "geo_signal" --description "tune iter10: reg_lambda=4.0" --params-summary "single_knob=reg_lambda4" --write && wi=$(ls -t experiments/xgboost/work_items/*deepen-geo_signal.json experiments/xgboost/work_items/*tune-geo_signal.json 2>/dev/null | head -1) && python "plugins/model-family-mae/scripts/mfm_cli.py" run "$wi" --timeout-seconds 900 --overwrite-experiment
[2026-05-06T23:22:14] mfm evaluation invoked (exit=n/a) :: python "plugins/model-family-mae/scripts/mfm_cli.py" plan --family "xgboost" --feature-lane "geo_signal" --description "ablate c1: drop max_depth=6 (revert to 4)" --params-summary "ablate_c1=max_depth4" --write && wi=$(ls -t experiments/xgboost/work_items/*deepen-geo_signal.json 2>/dev/null | head -1) && python "plugins/model-family-mae/scripts/mfm_cli.py" run "$wi" --timeout-seconds 900 --overwrite-experiment
[2026-05-06T23:23:52] mfm evaluation invoked (exit=n/a) :: python "plugins/model-family-mae/scripts/mfm_cli.py" plan --family "xgboost" --feature-lane "geo_signal" --description "ablate c2: drop subsample=0.9 (revert to 0.8)" --params-summary "ablate_c2=subsample08" --write && wi=$(ls -t experiments/xgboost/work_items/*deepen-geo_signal.json 2>/dev/null | head -1) && python "plugins/model-family-mae/scripts/mfm_cli.py" run "$wi" --timeout-seconds 900 --overwrite-experiment
[2026-05-06T23:25:46] mfm evaluation invoked (exit=n/a) :: python "plugins/model-family-mae/scripts/mfm_cli.py" plan --family "xgboost" --feature-lane "geo_signal" --description "ablate c3: drop colsample=0.7 (revert to 0.8)" --params-summary "ablate_c3=colsample08" --write && wi=$(ls -t experiments/xgboost/work_items/*deepen-geo_signal.json 2>/dev/null | head -1) && python "plugins/model-family-mae/scripts/mfm_cli.py" run "$wi" --timeout-seconds 900 --overwrite-experiment
[2026-05-06T23:28:39] mfm evaluation invoked (exit=n/a) :: python "plugins/model-family-mae/scripts/mfm_cli.py" plan --family "xgboost" --feature-lane "geo_signal" --description "ablate c4: drop reg_lambda=2.0 (revert to 1.0)" --params-summary "ablate_c4=reg_lambda1" --write && wi=$(ls -t experiments/xgboost/work_items/*deepen-geo_signal.json 2>/dev/null | head -1) && python "plugins/model-family-mae/scripts/mfm_cli.py" run "$wi" --timeout-seconds 900 --overwrite-experiment
[2026-05-06T23:30:51] mfm evaluation invoked (exit=n/a) :: python "plugins/model-family-mae/scripts/mfm_cli.py" plan --family "xgboost" --feature-lane "geo_signal" --description "confirm seed=2026: promoted recipe (max_depth=6 only)" --params-summary "confirm_seed2026" --seed 2026 --write && wi=$(ls -t experiments/xgboost/work_items/*deepen-geo_signal.json 2>/dev/null | head -1) && python "plugins/model-family-mae/scripts/mfm_cli.py" run "$wi" --timeout-seconds 900 --overwrite-experiment
[2026-05-06T23:51:42] mfm evaluation invoked (exit=n/a) :: python "plugins/model-family-mae/scripts/mfm_cli.py" run "experiments/tree_bagging_rf/work_items/20260506-235058-smoke-all_numeric.json"
[2026-05-06T23:55:14] mfm evaluation invoked (exit=n/a) :: python "plugins/model-family-mae/scripts/mfm_cli.py" run "experiments/tree_bagging_rf/work_items/20260506-235444-smoke-numeric_plus_basic_cats.json"
[2026-05-06T23:56:27] mfm evaluation invoked (exit=n/a) :: python "plugins/model-family-mae/scripts/mfm_cli.py" run "experiments/tree_bagging_rf/work_items/20260506-235558-smoke-derived_ratios.json"
[2026-05-06T23:58:18] mfm evaluation invoked (exit=n/a) :: python "plugins/model-family-mae/scripts/mfm_cli.py" run "experiments/tree_bagging_rf/work_items/20260506-235748-deepen-numeric_plus_basic_cats.json"
[2026-05-07T00:00:32] mfm evaluation invoked (exit=n/a) :: python "plugins/model-family-mae/scripts/mfm_cli.py" run "experiments/tree_bagging_rf/work_items/20260507-000004-deepen-numeric_plus_basic_cats.json"
[2026-05-07T00:01:51] mfm evaluation invoked (exit=n/a) :: python "plugins/model-family-mae/scripts/mfm_cli.py" run "experiments/tree_bagging_rf/work_items/20260507-000122-deepen-numeric_plus_basic_cats.json"
[2026-05-07T00:03:12] mfm evaluation invoked (exit=n/a) :: python "plugins/model-family-mae/scripts/mfm_cli.py" run "experiments/tree_bagging_rf/work_items/20260507-000239-deepen-numeric_plus_basic_cats.json"
[2026-05-07T00:04:50] mfm evaluation invoked (exit=n/a) :: python "plugins/model-family-mae/scripts/mfm_cli.py" run "experiments/tree_bagging_rf/work_items/20260507-000421-deepen-numeric_plus_basic_cats.json"
[2026-05-07T00:06:02] mfm evaluation invoked (exit=n/a) :: python "plugins/model-family-mae/scripts/mfm_cli.py" run "experiments/tree_bagging_rf/work_items/20260507-000534-deepen-numeric_plus_basic_cats.json"
[2026-05-07T00:07:17] mfm evaluation invoked (exit=n/a) :: python "plugins/model-family-mae/scripts/mfm_cli.py" run "experiments/tree_bagging_rf/work_items/20260507-000647-deepen-numeric_plus_basic_cats.json"
[2026-05-07T00:08:38] mfm evaluation invoked (exit=n/a) :: python "plugins/model-family-mae/scripts/mfm_cli.py" run "experiments/tree_bagging_rf/work_items/20260507-000809-deepen-numeric_plus_basic_cats.json"
[2026-05-07T00:10:01] mfm evaluation invoked (exit=n/a) :: python "plugins/model-family-mae/scripts/mfm_cli.py" run "experiments/tree_bagging_rf/work_items/20260507-000930-deepen-numeric_plus_basic_cats.json"
[2026-05-07T00:11:22] mfm evaluation invoked (exit=n/a) :: python "plugins/model-family-mae/scripts/mfm_cli.py" run "experiments/tree_bagging_rf/work_items/20260507-001053-deepen-numeric_plus_basic_cats.json"
[2026-05-07T00:13:40] mfm evaluation invoked (exit=n/a) :: python "plugins/model-family-mae/scripts/mfm_cli.py" run "experiments/tree_bagging_rf/work_items/20260507-001214-deepen-numeric_plus_basic_cats.json"
[2026-05-07T00:17:46] mfm evaluation invoked (exit=n/a) :: python "plugins/model-family-mae/scripts/mfm_cli.py" run "experiments/tree_bagging_rf/work_items/20260507-001442-deepen-numeric_plus_basic_cats.json"
[2026-05-07T00:19:51] mfm evaluation invoked (exit=n/a) :: python "plugins/model-family-mae/scripts/mfm_cli.py" run "experiments/tree_bagging_rf/work_items/20260507-001822-deepen-numeric_plus_basic_cats.json"
[2026-05-07T00:22:06] mfm evaluation invoked (exit=n/a) :: python "plugins/model-family-mae/scripts/mfm_cli.py" run "experiments/tree_bagging_rf/work_items/20260507-002028-deepen-numeric_plus_basic_cats.json"
[2026-05-07T00:25:41] mfm evaluation invoked (exit=n/a) :: python "plugins/model-family-mae/scripts/mfm_cli.py" run "experiments/tree_bagging_rf/work_items/20260507-002240-deepen-numeric_plus_basic_cats.json"
[2026-05-07T00:30:39] mfm evaluation invoked (exit=n/a) :: python "plugins/model-family-mae/scripts/mfm_cli.py" run "experiments/tree_bagging_rf/work_items/20260507-002621-deepen-numeric_plus_basic_cats.json"
[2026-05-07T00:35:49] mfm evaluation invoked (exit=n/a) :: python "plugins/model-family-mae/scripts/mfm_cli.py" run "experiments/tree_bagging_rf/work_items/20260507-003114-deepen-numeric_plus_basic_cats.json"
[2026-05-07T00:40:02] mfm evaluation invoked (exit=n/a) :: python "plugins/model-family-mae/scripts/mfm_cli.py" run "experiments/tree_bagging_rf/work_items/20260507-003626-deepen-numeric_plus_basic_cats.json"
[2026-05-07T00:44:14] mfm evaluation invoked (exit=n/a) :: python "plugins/model-family-mae/scripts/mfm_cli.py" run "experiments/tree_bagging_rf/work_items/20260507-004037-deepen-numeric_plus_basic_cats.json"
[2026-05-07T00:48:22] mfm evaluation invoked (exit=n/a) :: python "plugins/model-family-mae/scripts/mfm_cli.py" run "experiments/tree_bagging_rf/work_items/20260507-004448-deepen-numeric_plus_basic_cats.json"
[2026-05-07T00:50:22] mfm evaluation invoked (exit=n/a) :: python "plugins/model-family-mae/scripts/mfm_cli.py" run "experiments/tree_bagging_rf/work_items/20260507-004953-deepen-numeric_plus_basic_cats.json"
[2026-05-07T00:54:15] mfm evaluation invoked (exit=n/a) :: python "plugins/model-family-mae/scripts/mfm_cli.py" run "experiments/tree_bagging_rf/work_items/20260507-005053-deepen-numeric_plus_basic_cats.json"
[2026-05-07T00:56:25] mfm evaluation invoked (exit=n/a) :: python "plugins/model-family-mae/scripts/mfm_cli.py" run "experiments/tree_bagging_rf/work_items/20260507-005449-deepen-numeric_plus_basic_cats.json"
[2026-05-07T00:59:06] mfm evaluation invoked (exit=n/a) :: python "plugins/model-family-mae/scripts/mfm_cli.py" run "experiments/tree_bagging_rf/work_items/20260507-005647-deepen-numeric_plus_basic_cats.json"
[2026-05-07T01:03:53] mfm evaluation invoked (exit=n/a) :: python "plugins/model-family-mae/scripts/mfm_cli.py" run "experiments/tree_bagging_rf/work_items/20260507-010029-deepen-numeric_plus_basic_cats.json"
[2026-05-07T20:02:42] mfm evaluation invoked (exit=n/a) :: python "plugins/model-family-mae/scripts/mfm_cli.py" run --help
[2026-05-07T20:03:24] mfm evaluation invoked (exit=n/a) :: python "plugins/model-family-mae/scripts/mfm_cli.py" run "experiments/xgboost_v2/work_items/20260507-200237-smoke-tier1_strong_solo.json" --timeout-seconds 600
[2026-05-07T20:04:56] mfm evaluation invoked (exit=n/a) :: python "plugins/model-family-mae/scripts/mfm_cli.py" run "experiments/xgboost_v2/work_items/20260507-200404-smoke-tier2_mid_solo.json" --timeout-seconds 600
[2026-05-07T20:07:03] mfm evaluation invoked (exit=n/a) :: python "plugins/model-family-mae/scripts/mfm_cli.py" run "experiments/xgboost_v2/work_items/20260507-200607-smoke-tier3_weak_solo.json" --timeout-seconds 600
[2026-05-07T20:10:48] mfm evaluation invoked (exit=n/a) :: python "plugins/model-family-mae/scripts/mfm_cli.py" run "experiments/xgboost_v2/work_items/20260507-200956-deepen-tier1_strong_solo.json" --timeout-seconds 600
[2026-05-07T20:12:05] mfm evaluation invoked (exit=n/a) :: python "plugins/model-family-mae/scripts/mfm_cli.py" run "experiments/xgboost_v2/work_items/20260507-201108-deepen-tier1_strong_solo.json" --timeout-seconds 600
[2026-05-07T20:14:15] mfm evaluation invoked (exit=n/a) :: python "plugins/model-family-mae/scripts/mfm_cli.py" run "experiments/xgboost_v2/work_items/20260507-201223-deepen-tier1_strong_solo.json" --timeout-seconds 600
[2026-05-07T20:16:12] mfm evaluation invoked (exit=n/a) :: python "plugins/model-family-mae/scripts/mfm_cli.py" run "experiments/xgboost_v2/work_items/20260507-201439-deepen-tier1_strong_solo.json" --timeout-seconds 600
[2026-05-07T20:17:31] mfm evaluation invoked (exit=n/a) :: python "plugins/model-family-mae/scripts/mfm_cli.py" run "experiments/xgboost_v2/work_items/20260507-201632-deepen-tier1_strong_solo.json" --timeout-seconds 600
[2026-05-07T20:19:09] mfm evaluation invoked (exit=n/a) :: python "plugins/model-family-mae/scripts/mfm_cli.py" run "experiments/xgboost_v2/work_items/20260507-201801-deepen-tier1_strong_solo.json" --timeout-seconds 600
[2026-05-07T20:20:51] mfm evaluation invoked (exit=n/a) :: python "plugins/model-family-mae/scripts/mfm_cli.py" run "experiments/xgboost_v2/work_items/20260507-201943-deepen-tier1_strong_solo.json" --timeout-seconds 600
[2026-05-07T20:22:29] mfm evaluation invoked (exit=n/a) :: python "plugins/model-family-mae/scripts/mfm_cli.py" run "experiments/xgboost_v2/work_items/20260507-202118-deepen-tier1_strong_solo.json" --timeout-seconds 600
[2026-05-07T20:24:38] mfm evaluation invoked (exit=n/a) :: python "plugins/model-family-mae/scripts/mfm_cli.py" run "experiments/xgboost_v2/work_items/20260507-202310-deepen-tier1_strong_solo.json" --timeout-seconds 600
[2026-05-07T20:26:51] mfm evaluation invoked (exit=n/a) :: python "plugins/model-family-mae/scripts/mfm_cli.py" run "experiments/xgboost_v2/work_items/20260507-202514-deepen-tier1_strong_solo.json" --timeout-seconds 600
[2026-05-07T20:29:46] mfm evaluation invoked (exit=n/a) :: python "plugins/model-family-mae/scripts/mfm_cli.py" run "experiments/xgboost_v2/work_items/20260507-202806-deepen-tier1_strong_solo.json" --timeout-seconds 600
[2026-05-07T20:31:09] mfm evaluation invoked (exit=n/a) :: python "plugins/model-family-mae/scripts/mfm_cli.py" run "experiments/xgboost_v2/work_items/20260507-203005-deepen-tier1_strong_solo.json" --timeout-seconds 600
[2026-05-07T20:33:45] mfm evaluation invoked (exit=n/a) :: python "plugins/model-family-mae/scripts/mfm_cli.py" run "experiments/xgboost_v2/work_items/20260507-203130-deepen-tier1_strong_solo.json" --timeout-seconds 600
[2026-05-07T20:35:44] mfm evaluation invoked (exit=n/a) :: python "plugins/model-family-mae/scripts/mfm_cli.py" run "experiments/xgboost_v2/work_items/20260507-203406-deepen-tier1_strong_solo.json" --timeout-seconds 600
[2026-05-07T20:37:23] mfm evaluation invoked (exit=n/a) :: python "plugins/model-family-mae/scripts/mfm_cli.py" run "experiments/xgboost_v2/work_items/20260507-203601-deepen-tier1_strong_solo.json" --timeout-seconds 600
[2026-05-07T20:38:56] mfm evaluation invoked (exit=n/a) :: python "plugins/model-family-mae/scripts/mfm_cli.py" run "experiments/xgboost_v2/work_items/20260507-203740-deepen-tier1_strong_solo.json" --timeout-seconds 600
[2026-05-07T20:40:27] mfm evaluation invoked (exit=n/a) :: python "plugins/model-family-mae/scripts/mfm_cli.py" run "experiments/xgboost_v2/work_items/20260507-203913-deepen-tier1_strong_solo.json" --timeout-seconds 600
[2026-05-07T20:42:10] mfm evaluation invoked (exit=n/a) :: python "plugins/model-family-mae/scripts/mfm_cli.py" run "experiments/xgboost_v2/work_items/20260507-204049-deepen-tier1_strong_solo.json" --timeout-seconds 600
[2026-05-07T20:43:36] mfm evaluation invoked (exit=n/a) :: python "plugins/model-family-mae/scripts/mfm_cli.py" run "experiments/xgboost_v2/work_items/20260507-204228-deepen-tier1_strong_solo.json" --timeout-seconds 600
[2026-05-07T20:44:56] mfm evaluation invoked (exit=n/a) :: python "plugins/model-family-mae/scripts/mfm_cli.py" run "experiments/xgboost_v2/work_items/20260507-204354-deepen-tier1_strong_solo.json" --timeout-seconds 600
[2026-05-07T20:46:42] mfm evaluation invoked (exit=n/a) :: python "plugins/model-family-mae/scripts/mfm_cli.py" run "experiments/xgboost_v2/work_items/20260507-204541-deepen-tier1_strong_solo.json" --timeout-seconds 600
[2026-05-07T20:48:00] mfm evaluation invoked (exit=n/a) :: python "plugins/model-family-mae/scripts/mfm_cli.py" run "experiments/xgboost_v2/work_items/20260507-204702-deepen-tier1_strong_solo.json" --timeout-seconds 600
[2026-05-07T20:49:23] mfm evaluation invoked (exit=n/a) :: python "plugins/model-family-mae/scripts/mfm_cli.py" run "experiments/xgboost_v2/work_items/20260507-204822-deepen-tier1_strong_solo.json" --timeout-seconds 600
[2026-05-07T20:50:45] mfm evaluation invoked (exit=n/a) :: python "plugins/model-family-mae/scripts/mfm_cli.py" run "experiments/xgboost_v2/work_items/20260507-204944-deepen-tier1_strong_solo.json" --timeout-seconds 600
[2026-05-07T20:52:07] mfm evaluation invoked (exit=n/a) :: python "plugins/model-family-mae/scripts/mfm_cli.py" run "experiments/xgboost_v2/work_items/20260507-205107-deepen-tier1_strong_solo.json" --timeout-seconds 600
[2026-05-07T20:53:46] mfm evaluation invoked (exit=n/a) :: python "plugins/model-family-mae/scripts/mfm_cli.py" run "experiments/xgboost_v2/work_items/20260507-205244-deepen-tier1_strong_solo.json" --timeout-seconds 600
[2026-05-07T20:55:29] mfm evaluation invoked (exit=n/a) :: python "plugins/model-family-mae/scripts/mfm_cli.py" run "experiments/xgboost_v2/work_items/20260507-205423-deepen-tier1_strong_solo.json" --timeout-seconds 600
[2026-05-07T21:19:24] mfm evaluation invoked (exit=n/a) :: python "plugins/model-family-mae/scripts/mfm_cli.py" run "experiments/xgboost_v3/work_items/20260507-211730-smoke-baseline_three_only.json"
[2026-05-07T21:23:12] mfm evaluation invoked (exit=n/a) :: python "plugins/model-family-mae/scripts/mfm_cli.py" run "experiments/xgboost_v3/work_items/20260507-212215-deepen-baseline_three_only.json"
[2026-05-07T21:25:12] mfm evaluation invoked (exit=n/a) :: python "plugins/model-family-mae/scripts/mfm_cli.py" run "experiments/xgboost_v3/work_items/20260507-212419-deepen-baseline_three_only.json"
[2026-05-07T21:27:12] mfm evaluation invoked (exit=n/a) :: python "plugins/model-family-mae/scripts/mfm_cli.py" run "experiments/xgboost_v3/work_items/20260507-212614-deepen-baseline_three_only.json"
[2026-05-07T21:28:48] mfm evaluation invoked (exit=n/a) :: python "plugins/model-family-mae/scripts/mfm_cli.py" run "experiments/xgboost_v3/work_items/20260507-212746-deepen-baseline_three_only.json"
[2026-05-07T21:31:50] mfm evaluation invoked (exit=n/a) :: python "plugins/model-family-mae/scripts/mfm_cli.py" run "experiments/xgboost_v3/work_items/20260507-213035-deepen-baseline_three_only.json"
[2026-05-07T21:33:11] mfm evaluation invoked (exit=n/a) :: python "plugins/model-family-mae/scripts/mfm_cli.py" run "experiments/xgboost_v3/work_items/20260507-213211-deepen-baseline_three_only.json"
[2026-05-07T21:34:43] mfm evaluation invoked (exit=n/a) :: python "plugins/model-family-mae/scripts/mfm_cli.py" run "experiments/xgboost_v3/work_items/20260507-213339-deepen-baseline_three_only.json"
[2026-05-07T21:36:02] mfm evaluation invoked (exit=n/a) :: python "plugins/model-family-mae/scripts/mfm_cli.py" run "experiments/xgboost_v3/work_items/20260507-213501-deepen-baseline_three_only.json"
[2026-05-07T21:37:48] mfm evaluation invoked (exit=n/a) :: python "plugins/model-family-mae/scripts/mfm_cli.py" run "experiments/xgboost_v3/work_items/20260507-213647-deepen-baseline_three_only.json"
[2026-05-07T21:39:21] mfm evaluation invoked (exit=n/a) :: python "plugins/model-family-mae/scripts/mfm_cli.py" run "experiments/xgboost_v3/work_items/20260507-213821-deepen-baseline_three_only.json"
[2026-05-07T21:42:46] mfm evaluation invoked (exit=n/a) :: python "plugins/model-family-mae/scripts/mfm_cli.py" run "experiments/xgboost_v3/work_items/20260507-214129-ablate-baseline_three_only.json"
[2026-05-07T21:43:58] mfm evaluation invoked (exit=n/a) :: python "plugins/model-family-mae/scripts/mfm_cli.py" run "experiments/xgboost_v3/work_items/20260507-214312-ablate-baseline_three_only.json"
[2026-05-07T21:45:12] mfm evaluation invoked (exit=n/a) :: python "plugins/model-family-mae/scripts/mfm_cli.py" run "experiments/xgboost_v3/work_items/20260507-214500-confirm-baseline_three_only.json"
[2026-05-07T21:54:06] mfm evaluation invoked (exit=n/a) :: python "plugins/model-family-mae/scripts/mfm_cli.py" run "experiments/xgboost_v4/work_items/20260507-215240-smoke-v2_plus_geo_hierarchy.json"
[2026-05-07T21:55:47] mfm evaluation invoked (exit=n/a) :: python "plugins/model-family-mae/scripts/mfm_cli.py" run "experiments/xgboost_v4/work_items/20260507-215422-smoke-v2_plus_temporal_cats.json"
[2026-05-07T21:57:33] mfm evaluation invoked (exit=n/a) :: python "plugins/model-family-mae/scripts/mfm_cli.py" run "experiments/xgboost_v4/work_items/20260507-215605-smoke-v2_plus_fold_te.json"
[2026-05-07T21:59:52] mfm evaluation invoked (exit=n/a) :: python "plugins/model-family-mae/scripts/mfm_cli.py" run "experiments/xgboost_v4/work_items/20260507-215826-deepen-v2_plus_geo_hierarchy.json"
[2026-05-07T22:02:04] mfm evaluation invoked (exit=n/a) :: python "plugins/model-family-mae/scripts/mfm_cli.py" run "experiments/xgboost_v4/work_items/20260507-220033-deepen-v2_plus_geo_hierarchy.json"
[2026-05-07T22:03:53] mfm evaluation invoked (exit=n/a) :: python "plugins/model-family-mae/scripts/mfm_cli.py" run "experiments/xgboost_v4/work_items/20260507-220239-deepen-v2_plus_geo_hierarchy.json"
[2026-05-07T22:05:40] mfm evaluation invoked (exit=n/a) :: python "plugins/model-family-mae/scripts/mfm_cli.py" run "experiments/xgboost_v4/work_items/20260507-220411-deepen-v2_plus_geo_hierarchy.json"
[2026-05-07T22:07:35] mfm evaluation invoked (exit=n/a) :: python "plugins/model-family-mae/scripts/mfm_cli.py" run "experiments/xgboost_v4/work_items/20260507-220558-deepen-v2_plus_geo_hierarchy.json"
[2026-05-07T22:09:23] mfm evaluation invoked (exit=n/a) :: python "plugins/model-family-mae/scripts/mfm_cli.py" run "experiments/xgboost_v4/work_items/20260507-220755-deepen-v2_plus_geo_hierarchy.json"
[2026-05-07T22:11:09] mfm evaluation invoked (exit=n/a) :: python "plugins/model-family-mae/scripts/mfm_cli.py" run "experiments/xgboost_v4/work_items/20260507-220939-deepen-v2_plus_geo_hierarchy.json"
[2026-05-07T22:13:00] mfm evaluation invoked (exit=n/a) :: python "plugins/model-family-mae/scripts/mfm_cli.py" run "experiments/xgboost_v4/work_items/20260507-221123-deepen-v2_plus_geo_hierarchy.json"
[2026-05-07T22:14:43] mfm evaluation invoked (exit=n/a) :: python "plugins/model-family-mae/scripts/mfm_cli.py" run "experiments/xgboost_v4/work_items/20260507-221317-deepen-v2_plus_geo_hierarchy.json"
[2026-05-07T22:16:18] mfm evaluation invoked (exit=n/a) :: python "plugins/model-family-mae/scripts/mfm_cli.py" run "experiments/xgboost_v4/work_items/20260507-221501-deepen-v2_plus_geo_hierarchy.json"
[2026-05-07T22:18:12] mfm evaluation invoked (exit=n/a) :: python "plugins/model-family-mae/scripts/mfm_cli.py" run "experiments/xgboost_v4/work_items/20260507-221635-deepen-v2_plus_geo_hierarchy.json"
[2026-05-07T22:20:56] mfm evaluation invoked (exit=n/a) :: python "plugins/model-family-mae/scripts/mfm_cli.py" run "experiments/xgboost_v4/work_items/20260507-221832-deepen-v2_plus_geo_hierarchy.json"
[2026-05-07T22:22:46] mfm evaluation invoked (exit=n/a) :: python "plugins/model-family-mae/scripts/mfm_cli.py" run "experiments/xgboost_v4/work_items/20260507-222114-deepen-v2_plus_geo_hierarchy.json"
[2026-05-07T22:25:08] mfm evaluation invoked (exit=n/a) :: python "plugins/model-family-mae/scripts/mfm_cli.py" run "experiments/xgboost_v4/work_items/20260507-222309-deepen-v2_plus_geo_hierarchy.json"
[2026-05-07T22:26:52] mfm evaluation invoked (exit=n/a) :: python "plugins/model-family-mae/scripts/mfm_cli.py" run "experiments/xgboost_v4/work_items/20260507-222526-deepen-v2_plus_geo_hierarchy.json"
[2026-05-07T22:29:00] mfm evaluation invoked (exit=n/a) :: python "plugins/model-family-mae/scripts/mfm_cli.py" run "experiments/xgboost_v4/work_items/20260507-222706-deepen-v2_plus_geo_hierarchy.json"
[2026-05-07T22:31:15] mfm evaluation invoked (exit=n/a) :: python "plugins/model-family-mae/scripts/mfm_cli.py" run "experiments/xgboost_v4/work_items/20260507-222934-deepen-v2_plus_geo_hierarchy.json"
[2026-05-07T22:41:36] mfm evaluation invoked (exit=n/a) :: python "plugins/model-family-mae/scripts/mfm_cli.py" run "experiments/xgboost_v4/work_items/20260507-223141-deepen-v2_plus_geo_hierarchy.json"
[2026-05-07T22:57:07] mfm evaluation invoked (exit=n/a) :: python "plugins/model-family-mae/scripts/mfm_cli.py" run "experiments/xgboost_v4/work_items/20260507-224237-deepen-v2_plus_geo_hierarchy.json"
[2026-05-07T23:00:01] mfm evaluation invoked (exit=n/a) :: python "plugins/model-family-mae/scripts/mfm_cli.py" run "experiments/xgboost_v4/work_items/20260507-225841-deepen-v2_plus_geo_hierarchy.json"
[2026-05-07T23:02:51] mfm evaluation invoked (exit=n/a) :: python "plugins/model-family-mae/scripts/mfm_cli.py" run "experiments/xgboost_v4/work_items/20260507-230116-deepen-v2_plus_geo_hierarchy.json"
[2026-05-07T23:05:21] mfm evaluation invoked (exit=n/a) :: python "plugins/model-family-mae/scripts/mfm_cli.py" run "experiments/xgboost_v4/work_items/20260507-230310-deepen-v2_plus_geo_hierarchy.json"
[2026-05-07T23:08:04] mfm evaluation invoked (exit=n/a) :: python "plugins/model-family-mae/scripts/mfm_cli.py" run "experiments/xgboost_v4/work_items/20260507-230547-deepen-v2_plus_geo_hierarchy.json"
[2026-05-07T23:16:59] mfm evaluation invoked (exit=n/a) :: python "plugins/model-family-mae/scripts/mfm_cli.py" run "experiments/xgboost_v4/work_items/20260507-230822-deepen-v2_plus_geo_hierarchy.json"
[2026-05-07T23:19:14] mfm evaluation invoked (exit=n/a) :: python "plugins/model-family-mae/scripts/mfm_cli.py" run "experiments/xgboost_v4/work_items/20260507-231709-deepen-v2_plus_geo_hierarchy.json"
[2026-05-07T23:21:51] mfm evaluation invoked (exit=n/a) :: python "plugins/model-family-mae/scripts/mfm_cli.py" run "experiments/xgboost_v4/work_items/20260507-231946-deepen-v2_plus_geo_hierarchy.json"
[2026-05-07T23:24:41] mfm evaluation invoked (exit=n/a) :: python "plugins/model-family-mae/scripts/mfm_cli.py" run "experiments/xgboost_v4/work_items/20260507-232225-deepen-v2_plus_geo_hierarchy.json"
[2026-05-07T23:26:43] mfm evaluation invoked (exit=n/a) :: python "plugins/model-family-mae/scripts/mfm_cli.py" run "experiments/xgboost_v4/work_items/20260507-232514-deepen-v2_plus_geo_hierarchy.json"
[2026-05-07T23:28:51] mfm evaluation invoked (exit=n/a) :: python "plugins/model-family-mae/scripts/mfm_cli.py" run "experiments/xgboost_v4/work_items/20260507-232717-deepen-v2_plus_geo_hierarchy.json"
[2026-05-07T23:31:49] mfm evaluation invoked (exit=n/a) :: python "plugins/model-family-mae/scripts/mfm_cli.py" run "experiments/xgboost_v4/work_items/20260507-232950-deepen-v2_plus_geo_hierarchy.json"
[2026-05-07T23:34:01] mfm evaluation invoked (exit=n/a) :: python "plugins/model-family-mae/scripts/mfm_cli.py" run "experiments/xgboost_v4/work_items/20260507-233219-deepen-v2_plus_geo_hierarchy.json"
[2026-05-07T23:38:03] mfm evaluation invoked (exit=n/a) :: python "plugins/model-family-mae/scripts/mfm_cli.py" run "experiments/xgboost_v4/work_items/20260507-233426-deepen-v2_plus_geo_hierarchy.json"
[2026-05-07T23:40:36] mfm evaluation invoked (exit=n/a) :: python "plugins/model-family-mae/scripts/mfm_cli.py" run "experiments/xgboost_v4/work_items/20260507-233814-deepen-v2_plus_geo_hierarchy.json"
[2026-05-07T23:44:14] mfm evaluation invoked (exit=n/a) :: python "plugins/model-family-mae/scripts/mfm_cli.py" run "experiments/xgboost_v4/work_items/20260507-234057-deepen-v2_plus_geo_hierarchy.json"
[2026-05-07T23:49:22] mfm evaluation invoked (exit=n/a) :: python "plugins/model-family-mae/scripts/mfm_cli.py" run "experiments/xgboost_v4/work_items/20260507-234432-deepen-v2_plus_geo_hierarchy.json"
[2026-05-07T23:56:26] mfm evaluation invoked (exit=n/a) :: python "plugins/model-family-mae/scripts/mfm_cli.py" run "experiments/xgboost_v4/work_items/20260507-234936-deepen-v2_plus_geo_hierarchy.json"
[2026-05-08T00:04:57] mfm evaluation invoked (exit=n/a) :: python "plugins/model-family-mae/scripts/mfm_cli.py" run "experiments/xgboost_v4/work_items/20260507-235645-deepen-v2_plus_geo_hierarchy.json"
[2026-05-08T00:15:36] mfm evaluation invoked (exit=n/a) :: python "plugins/model-family-mae/scripts/mfm_cli.py" run "experiments/xgboost_v4/work_items/20260508-000514-deepen-v2_plus_geo_hierarchy.json"
[2026-05-08T00:23:14] mfm evaluation invoked (exit=n/a) :: python "plugins/model-family-mae/scripts/mfm_cli.py" run "experiments/xgboost_v4/work_items/20260508-001554-deepen-v2_plus_geo_hierarchy.json"
[2026-05-08T00:33:17] mfm evaluation invoked (exit=n/a) :: python "plugins/model-family-mae/scripts/mfm_cli.py" run "experiments/xgboost_v4/work_items/20260508-002406-deepen-v2_plus_geo_hierarchy.json"
[2026-05-08T00:37:22] mfm evaluation invoked (exit=n/a) :: python "plugins/model-family-mae/scripts/mfm_cli.py" run "experiments/xgboost_v4/work_items/20260508-002700-ablate-v2_plus_geo_hierarchy.json"
[2026-05-08T00:38:07] mfm evaluation invoked (exit=n/a) :: grep -n "seed\|random_state" "plugins/model-family-mae/scripts/eval_family.py" | head -20
[2026-05-08T00:45:31] mfm evaluation invoked (exit=n/a) :: python "plugins/model-family-mae/scripts/mfm_cli.py" run "experiments/xgboost_v4/work_items/20260508-003012-confirm-v2_plus_geo_hierarchy.json"
[2026-05-08T12:24:52] mfm evaluation invoked (exit=n/a) :: python "plugins/model-family-mae/scripts/mfm_cli.py" run --help 2>&1
[2026-05-08T12:29:18] mfm evaluation invoked (exit=n/a) :: python "plugins/model-family-mae/scripts/mfm_cli.py" run "experiments/xgboost_v5/work_items/20260508-122416-smoke-v4_plus_presence_flags.json" --timeout-seconds 1200
[2026-05-08T13:45:10] mfm evaluation invoked (exit=n/a) :: python "plugins/model-family-mae/scripts/mfm_cli.py" run "experiments/xgboost_v5/work_items/20260508-122419-smoke-v4_plus_id_token_counts.json" --timeout-seconds 2400
[2026-05-08T13:57:14] mfm evaluation invoked (exit=n/a) :: python "plugins/model-family-mae/scripts/mfm_cli.py" run "experiments/xgboost_v5/work_items/20260508-122421-smoke-v4_plus_commune_frequency.json" --timeout-seconds 2400
[2026-05-08T14:12:03] mfm evaluation invoked (exit=n/a) :: python "plugins/model-family-mae/scripts/mfm_cli.py" run "experiments/xgboost_v5/work_items/20260508-141116-deepen-v4_anchor.json" --timeout-seconds 2400
[2026-05-08T14:25:51] mfm evaluation invoked (exit=n/a) :: python "plugins/model-family-mae/scripts/mfm_cli.py" run "experiments/xgboost_v5/work_items/20260508-142447-deepen-v4_anchor.json" --timeout-seconds 3600
[2026-05-08T15:00:52] mfm evaluation invoked (exit=n/a) :: python "plugins/model-family-mae/scripts/mfm_cli.py" run "experiments/xgboost_v5/work_items/20260508-150002-deepen-v4_anchor.json" --timeout-seconds 2400
[2026-05-08T15:11:43] mfm evaluation invoked (exit=n/a) :: python "plugins/model-family-mae/scripts/mfm_cli.py" run "experiments/xgboost_v5/work_items/20260508-151054-deepen-v4_anchor.json" --timeout-seconds 2400
[2026-05-08T15:26:32] mfm evaluation invoked (exit=n/a) :: python "plugins/model-family-mae/scripts/mfm_cli.py" run "experiments/xgboost_v5/work_items/20260508-152527-deepen-v4_anchor.json" --timeout-seconds 2400
[2026-05-08T15:45:28] mfm evaluation invoked (exit=n/a) :: python "plugins/model-family-mae/scripts/mfm_cli.py" run "experiments/xgboost_v5/work_items/20260508-154428-deepen-v4_anchor.json" --timeout-seconds 2400
[2026-05-08T16:00:58] mfm evaluation invoked (exit=n/a) :: python "plugins/model-family-mae/scripts/mfm_cli.py" run "experiments/xgboost_v5/work_items/20260508-160016-deepen-v4_anchor.json" --timeout-seconds 3000
[2026-05-08T16:22:12] mfm evaluation invoked (exit=n/a) :: python "plugins/model-family-mae/scripts/mfm_cli.py" run "experiments/xgboost_v5/work_items/20260508-162111-deepen-v4_anchor.json" --timeout-seconds 3000
[2026-05-08T16:47:38] mfm evaluation invoked (exit=n/a) :: python "plugins/model-family-mae/scripts/mfm_cli.py" run "experiments/xgboost_v5/work_items/20260508-164635-deepen-v4_anchor.json" --timeout-seconds 3000
[2026-05-08T17:13:36] mfm evaluation invoked (exit=n/a) :: python "plugins/model-family-mae/scripts/mfm_cli.py" run "experiments/xgboost_v5/work_items/20260508-171239-deepen-v4_anchor.json" --timeout-seconds 3000
[2026-05-08T17:30:52] mfm evaluation invoked (exit=n/a) :: python "plugins/model-family-mae/scripts/mfm_cli.py" run "experiments/xgboost_v5/work_items/20260508-173019-deepen-v4_anchor.json" --timeout-seconds 3000
[2026-05-08T22:11:02] mfm evaluation invoked (exit=n/a) :: python "plugins/model-family-mae/scripts/mfm_cli.py" run --help 2>&1
[2026-05-08T22:23:58] mfm evaluation invoked (exit=n/a) :: python "plugins/model-family-mae/scripts/mfm_cli.py" run "experiments/tree_bagging_rf_v2/work_items/20260508-222002-smoke-v1_anchor_plus_built_rel_type.json" --timeout-seconds 600
[2026-05-08T22:29:00] mfm evaluation invoked (exit=n/a) :: python "plugins/model-family-mae/scripts/mfm_cli.py" run "experiments/tree_bagging_rf_v2/work_items/20260508-222453-smoke-v1_anchor_plus_id_token_counts.json" --timeout-seconds 600
[2026-05-08T22:34:23] mfm evaluation invoked (exit=n/a) :: python "plugins/model-family-mae/scripts/mfm_cli.py" run "experiments/tree_bagging_rf_v2/work_items/20260508-223005-smoke-v1_anchor_plus_room_density.json" --timeout-seconds 600
[2026-05-08T22:39:22] mfm evaluation invoked (exit=n/a) :: python "plugins/model-family-mae/scripts/mfm_cli.py" run "experiments/tree_bagging_rf_v2/work_items/20260508-223520-deepen-lane_a_plus_built_per_land.json" --timeout-seconds 600
[2026-05-08T22:44:32] mfm evaluation invoked (exit=n/a) :: python "plugins/model-family-mae/scripts/mfm_cli.py" run "experiments/tree_bagging_rf_v2/work_items/20260508-224002-deepen-lane_a_plus_room_density.json" --timeout-seconds 600
[2026-05-08T22:48:45] mfm evaluation invoked (exit=n/a) :: python "plugins/model-family-mae/scripts/mfm_cli.py" run "experiments/tree_bagging_rf_v2/work_items/20260508-224538-deepen-lane_a_extra_trees.json" --timeout-seconds 600
[2026-05-08T22:57:17] mfm evaluation invoked (exit=n/a) :: python "plugins/model-family-mae/scripts/mfm_cli.py" run "experiments/tree_bagging_rf_v2/work_items/20260508-224945-deepen-lane_a_n_est_400.json" --timeout-seconds 600
[2026-05-08T23:02:33] mfm evaluation invoked (exit=n/a) :: python "plugins/model-family-mae/scripts/mfm_cli.py" run "experiments/tree_bagging_rf_v2/work_items/20260508-225821-deepen-lane_a_max_depth_22.json" --timeout-seconds 600
[2026-05-08T23:08:03] mfm evaluation invoked (exit=n/a) :: python "plugins/model-family-mae/scripts/mfm_cli.py" run "experiments/tree_bagging_rf_v2/work_items/20260508-230358-deepen-lane_a_mls_1.json" --timeout-seconds 600
[2026-05-08T23:15:45] mfm evaluation invoked (exit=n/a) :: python "plugins/model-family-mae/scripts/mfm_cli.py" run "experiments/tree_bagging_rf_v2/work_items/20260508-230947-deepen-lane_a_per_type_submodels.json" --timeout-seconds 900
[2026-05-08T23:27:03] mfm evaluation invoked (exit=n/a) :: python "plugins/model-family-mae/scripts/mfm_cli.py" run "experiments/tree_bagging_rf_v2/work_items/20260508-232044-deepen-lane_a_log_skewed.json" --timeout-seconds 600
[2026-05-08T23:33:03] mfm evaluation invoked (exit=n/a) :: python "plugins/model-family-mae/scripts/mfm_cli.py" run "experiments/tree_bagging_rf_v2/work_items/20260508-232800-deepen-lane_a_smooth_15.json" --timeout-seconds 600
[2026-05-08T23:38:47] mfm evaluation invoked (exit=n/a) :: python "plugins/model-family-mae/scripts/mfm_cli.py" run "experiments/tree_bagging_rf_v2/work_items/20260508-233359-deepen-lane_a_mf_0_3.json" --timeout-seconds 600
[2026-05-09T15:26:44] mfm evaluation invoked (exit=n/a) :: python "plugins/model-family-mae/scripts/mfm_cli.py" run "experiments/tree_bagging_rf_v2/work_items/20260509-152129-deepen-lane_a_plus_built_rel_commune.json" --timeout-seconds 600
[2026-05-09T15:38:11] mfm evaluation invoked (exit=n/a) :: python "plugins/model-family-mae/scripts/mfm_cli.py" run "experiments/tree_bagging_rf_v2/work_items/20260509-152757-deepen-lane_a_n_est_600.json" --timeout-seconds 900
[2026-05-09T15:42:35] mfm evaluation invoked (exit=n/a) :: python "plugins/model-family-mae/scripts/mfm_cli.py" run "experiments/tree_bagging_rf_v2/work_items/20260509-154227-deepen-lane_a_two_seed_avg.json" --timeout-seconds 700
[2026-05-09T15:52:18] mfm evaluation invoked (exit=n/a) :: python "plugins/model-family-mae/scripts/mfm_cli.py" run "experiments/tree_bagging_rf_v2/work_items/20260509-155212-deepen-v1_anchor_plus_built_rel_type.json" --timeout-seconds 600
[2026-05-09T19:57:07] mfm evaluation invoked (exit=n/a) :: py -3.10 "plugins/model-family-mae/scripts/mfm_cli.py" run "experiments/gradient_boosting_sklearn/work_items/20260509-195547-smoke-all_numeric.json"
[2026-05-09T20:01:41] mfm evaluation invoked (exit=n/a) :: py -3.10 "plugins/model-family-mae/scripts/mfm_cli.py" run "experiments/gradient_boosting_sklearn/work_items/20260509-195905-smoke-numeric_plus_basic_cats.json" 2>&1
[2026-05-09T20:09:11] mfm evaluation invoked (exit=n/a) :: py -3.10 "plugins/model-family-mae/scripts/mfm_cli.py" run "experiments/gradient_boosting_sklearn/work_items/20260509-200605-smoke-geo_signal.json"
[2026-05-09T20:14:34] mfm evaluation invoked (exit=n/a) :: py -3.10 "plugins/model-family-mae/scripts/mfm_cli.py" run "experiments/gradient_boosting_sklearn/work_items/20260509-201207-deepen-geo_signal.json"
[2026-05-09T20:19:29] mfm evaluation invoked (exit=n/a) :: "C:\Users\aldal\AppData\Local\Programs\Python\Python310\python.exe" "plugins/model-family-mae/scripts/mfm_cli.py" run "experiments/gradient_boosting_sklearn/work_items/20260509-201610-deepen-geo_signal.json" 2>&1
[2026-05-09T20:24:03] mfm evaluation invoked (exit=n/a) :: cd "C:/Users/aldal/OneDrive - Tilburg University/DSS_Semester_1/block4/machine_learning/ml_challenge/ml_challenge_cursor" && py -3.10 "plugins/model-family-mae/scripts/mfm_cli.py" run "experiments/gradient_boosting_sklearn/work_items/20260509-202125-deepen-geo_signal.json"
[2026-05-09T20:35:48] mfm evaluation invoked (exit=n/a) :: py -3.10 "plugins/model-family-mae/scripts/mfm_cli.py" run "experiments/gradient_boosting_sklearn/work_items/20260509-203134-deepen-geo_signal.json"
[2026-05-09T20:38:33] mfm evaluation invoked (exit=n/a) :: py -3.10 "plugins/model-family-mae/scripts/mfm_cli.py" run "experiments/gradient_boosting_sklearn/work_items/20260509-203703-deepen-geo_signal.json"
[2026-05-09T20:41:10] mfm evaluation invoked (exit=n/a) :: py -3.10 "plugins/model-family-mae/scripts/mfm_cli.py" run "experiments/gradient_boosting_sklearn/work_items/20260509-203939-deepen-geo_signal.json"
[2026-05-09T20:43:45] mfm evaluation invoked (exit=n/a) :: py -3.10 "plugins/model-family-mae/scripts/mfm_cli.py" run "experiments/gradient_boosting_sklearn/work_items/20260509-204222-deepen-geo_signal.json"
[2026-05-09T20:47:19] mfm evaluation invoked (exit=n/a) :: py -3.10 "plugins/model-family-mae/scripts/mfm_cli.py" run "experiments/gradient_boosting_sklearn/work_items/20260509-204456-deepen-geo_signal.json"
[2026-05-09T20:50:38] mfm evaluation invoked (exit=n/a) :: py -3.10 "plugins/model-family-mae/scripts/mfm_cli.py" run "experiments/gradient_boosting_sklearn/work_items/20260509-204818-deepen-geo_signal.json"
[2026-05-09T20:53:14] mfm evaluation invoked (exit=n/a) :: py -3.10 "plugins/model-family-mae/scripts/mfm_cli.py" run "experiments/gradient_boosting_sklearn/work_items/20260509-205101-deepen-geo_signal.json"
[2026-05-09T21:01:39] mfm evaluation invoked (exit=n/a) :: cd "C:\Users\aldal\OneDrive - Tilburg University\DSS_Semester_1\block4\machine_learning\ml_challenge\ml_challenge_cursor" && py -3.10 "plugins/model-family-mae/scripts/mfm_cli.py" run "experiments/gradient_boosting_sklearn/work_items/20260509-210000-deepen-geo_signal.json" 2>&1
[2026-05-09T21:03:53] mfm evaluation invoked (exit=n/a) :: py -3.10 "plugins/model-family-mae/scripts/mfm_cli.py" run "experiments/gradient_boosting_sklearn/work_items/20260509-210203-deepen-geo_signal.json"
[2026-05-09T21:06:47] mfm evaluation invoked (exit=n/a) :: cd "C:\Users\aldal\OneDrive - Tilburg University\DSS_Semester_1\block4\machine_learning\ml_challenge\ml_challenge_cursor" && py -3.10 "plugins/model-family-mae/scripts/mfm_cli.py" run "experiments/gradient_boosting_sklearn/work_items/20260509-210426-deepen-geo_signal.json"
[2026-05-09T21:10:51] mfm evaluation invoked (exit=n/a) :: cd "C:\Users\aldal\OneDrive - Tilburg University\DSS_Semester_1\block4\machine_learning\ml_challenge\ml_challenge_cursor" && py -3.10 "plugins/model-family-mae/scripts/mfm_cli.py" run "experiments/gradient_boosting_sklearn/work_items/20260509-210726-deepen-geo_signal.json"
[2026-05-09T21:15:19] mfm evaluation invoked (exit=n/a) :: py -3.10 "plugins/model-family-mae/scripts/mfm_cli.py" run "experiments/gradient_boosting_sklearn/work_items/20260509-211120-deepen-geo_signal.json"
[2026-05-09T21:40:00] mfm evaluation invoked (exit=n/a) :: python "plugins/model-family-mae/scripts/mfm_cli.py" run --help
[2026-05-10T11:12:52] mfm evaluation invoked (exit=n/a) :: python "plugins/model-family-mae/scripts/mfm_cli.py" run "experiments/xgboost_v9/work_items/20260510-111145-smoke-top_target_corr_3.json" 2>&1 | tail -50
[2026-05-10T11:13:57] mfm evaluation invoked (exit=n/a) :: python "plugins/model-family-mae/scripts/mfm_cli.py" run "experiments/xgboost_v9/work_items/20260510-111326-smoke-area_only_3.json" 2>&1 | tail -25
[2026-05-10T11:15:02] mfm evaluation invoked (exit=n/a) :: python "plugins/model-family-mae/scripts/mfm_cli.py" run "experiments/xgboost_v9/work_items/20260510-111428-smoke-count_only_3.json" 2>&1 | tail -20
[2026-05-10T11:17:04] mfm evaluation invoked (exit=n/a) :: python "plugins/model-family-mae/scripts/mfm_cli.py" run "experiments/xgboost_v9/work_items/20260510-111630-deepen-backward_select_pool10.json" 2>&1 | tail -10
[2026-05-10T11:18:24] mfm evaluation invoked (exit=n/a) :: python "plugins/model-family-mae/scripts/mfm_cli.py" run "experiments/xgboost_v9/work_items/20260510-111748-deepen-backward_select_drop_built_area.json" 2>&1 | python -c "import sys,json; d=json.load(sys.stdin); print(f\"cv_mae={d['cv_mae']:.2f} std={d['cv_mae_std']:.2f} rt={d['runtime_seconds']:.1f}s id={d['run_id']}\")" && python "plugins/model-family-mae/scripts/mfm_cli.py" reflect "experiments/xgboost_v9/runs/20260510-111748-deepen-backward_select_drop_built_area/result.json" 2>&1 | python -c "import sys,json; d=json.load(sys.stdin); print('best_run:', d['state']['best_run_id'])"
[2026-05-10T11:19:13] mfm evaluation invoked (exit=n/a) :: WI=$(python "plugins/model-family-mae/scripts/mfm_cli.py" plan --family "xgboost_v9" --feature-lane "backward_select_drop_land_area" --change-kind "feature" --hypothesis-unit "drop_land_area" --feature-group "structural_numeric" --anchor-run-id "20260510-111630-deepen-backward_select_pool10" --description "Deepen iter3: backward selection drop=land_area." --params-summary "deepen_iter3_drop_land_area" --seed 42 --write 2>&1 | python -c "import sys,json; print(json.load(sys.stdin)['work_item_path'])")
echo "WI=$WI"
RES=$(python "plugins/model-family-mae/scripts/mfm_cli.py" run "$WI" 2>&1 | python -c "import sys,json; d=json.load(sys.stdin); print(d['cv_mae'], d['cv_mae_std'], d['runtime_seconds'], d['run_id'])")
echo "RES: $RES"
RID=$(echo "$RES" | awk '{print $4}')
python "plugins/model-family-mae/scripts/mfm_cli.py" reflect "experiments/xgboost_v9/runs/$RID/result.json" 2>&1 | python -c "import sys,json; d=json.load(sys.stdin); print('best_run:', d['state']['best_run_id'])"
[2026-05-10T11:19:57] mfm evaluation invoked (exit=n/a) :: WI=$(python "plugins/model-family-mae/scripts/mfm_cli.py" plan --family "xgboost_v9" --feature-lane "backward_select_drop_house_area" --change-kind "feature" --hypothesis-unit "drop_house_area" --feature-group "structural_numeric" --anchor-run-id "20260510-111630-deepen-backward_select_pool10" --description "Deepen iter4: backward selection drop=house_area." --params-summary "deepen_iter4_drop_house_area" --seed 42 --write 2>&1 | python -c "import sys,json; print(json.load(sys.stdin)['work_item_path'])")
echo "WI=$WI"
RES=$(python "plugins/model-family-mae/scripts/mfm_cli.py" run "$WI" 2>&1 | python -c "import sys,json; d=json.load(sys.stdin); print(d['cv_mae'], d['cv_mae_std'], d['runtime_seconds'], d['run_id'])")
echo "RES: $RES"
RID=$(echo "$RES" | awk '{print $4}')
python "plugins/model-family-mae/scripts/mfm_cli.py" reflect "experiments/xgboost_v9/runs/$RID/result.json" 2>&1 | python -c "import sys,json; d=json.load(sys.stdin); print('best_run:', d['state']['best_run_id'])"
[2026-05-10T11:20:42] mfm evaluation invoked (exit=n/a) :: WI=$(python "plugins/model-family-mae/scripts/mfm_cli.py" plan --family "xgboost_v9" --feature-lane "backward_select_drop_apartment_area" --change-kind "feature" --hypothesis-unit "drop_apartment_area" --feature-group "structural_numeric" --anchor-run-id "20260510-111630-deepen-backward_select_pool10" --description "Deepen iter5: backward selection drop=apartment_area." --params-summary "deepen_iter5_drop_apartment_area" --seed 42 --write 2>&1 | python -c "import sys,json; print(json.load(sys.stdin)['work_item_path'])")
RES=$(python "plugins/model-family-mae/scripts/mfm_cli.py" run "$WI" 2>&1 | python -c "import sys,json; d=json.load(sys.stdin); print(d['cv_mae'], d['cv_mae_std'], d['runtime_seconds'], d['run_id'])")
echo "RES: $RES"
RID=$(echo "$RES" | awk '{print $4}')
python "plugins/model-family-mae/scripts/mfm_cli.py" reflect "experiments/xgboost_v9/runs/$RID/result.json" 2>&1 | python -c "import sys,json; d=json.load(sys.stdin); print('best_run:', d['state']['best_run_id'])"
[2026-05-10T11:21:29] mfm evaluation invoked (exit=n/a) :: WI=$(python "plugins/model-family-mae/scripts/mfm_cli.py" plan --family "xgboost_v9" --feature-lane "backward_select_drop_num_lots" --change-kind "feature" --hypothesis-unit "drop_num_lots" --feature-group "structural_numeric" --anchor-run-id "20260510-111630-deepen-backward_select_pool10" --description "Deepen iter6: backward selection drop=num_lots." --params-summary "deepen_iter6_drop_num_lots" --seed 42 --write 2>&1 | python -c "import sys,json; print(json.load(sys.stdin)['work_item_path'])")
RES=$(python "plugins/model-family-mae/scripts/mfm_cli.py" run "$WI" 2>&1 | python -c "import sys,json; d=json.load(sys.stdin); print(d['cv_mae'], d['cv_mae_std'], d['runtime_seconds'], d['run_id'])")
echo "RES: $RES"
RID=$(echo "$RES" | awk '{print $4}')
python "plugins/model-family-mae/scripts/mfm_cli.py" reflect "experiments/xgboost_v9/runs/$RID/result.json" 2>&1 | python -c "import sys,json; d=json.load(sys.stdin); print('best_run:', d['state']['best_run_id'])"
[2026-05-10T11:22:15] mfm evaluation invoked (exit=n/a) :: WI=$(python "plugins/model-family-mae/scripts/mfm_cli.py" plan --family "xgboost_v9" --feature-lane "backward_select_drop_num_commercial" --change-kind "feature" --hypothesis-unit "drop_num_commercial" --feature-group "structural_numeric" --anchor-run-id "20260510-111630-deepen-backward_select_pool10" --description "Deepen iter7: backward selection drop=num_commercial." --params-summary "deepen_iter7_drop_num_commercial" --seed 42 --write 2>&1 | python -c "import sys,json; print(json.load(sys.stdin)['work_item_path'])")
RES=$(python "plugins/model-family-mae/scripts/mfm_cli.py" run "$WI" 2>&1 | python -c "import sys,json; d=json.load(sys.stdin); print(d['cv_mae'], d['cv_mae_std'], d['runtime_seconds'], d['run_id'])")
echo "RES: $RES"
RID=$(echo "$RES" | awk '{print $4}')
python "plugins/model-family-mae/scripts/mfm_cli.py" reflect "experiments/xgboost_v9/runs/$RID/result.json" 2>&1 | python -c "import sys,json; d=json.load(sys.stdin); print('best_run:', d['state']['best_run_id'])"
[2026-05-10T11:22:58] mfm evaluation invoked (exit=n/a) :: WI=$(python "plugins/model-family-mae/scripts/mfm_cli.py" plan --family "xgboost_v9" --feature-lane "backward_select_drop_num_apt_2_rooms" --change-kind "feature" --hypothesis-unit "drop_num_apt_2_rooms" --feature-group "structural_numeric" --anchor-run-id "20260510-111630-deepen-backward_select_pool10" --description "Deepen iter8: backward selection drop=num_apt_2_rooms." --params-summary "deepen_iter8_drop_num_apt_2_rooms" --seed 42 --write 2>&1 | python -c "import sys,json; print(json.load(sys.stdin)['work_item_path'])")
RES=$(python "plugins/model-family-mae/scripts/mfm_cli.py" run "$WI" 2>&1 | python -c "import sys,json; d=json.load(sys.stdin); print(d['cv_mae'], d['cv_mae_std'], d['runtime_seconds'], d['run_id'])")
echo "RES: $RES"
RID=$(echo "$RES" | awk '{print $4}')
python "plugins/model-family-mae/scripts/mfm_cli.py" reflect "experiments/xgboost_v9/runs/$RID/result.json" 2>&1 | python -c "import sys,json; d=json.load(sys.stdin); print('best_run:', d['state']['best_run_id'])"
[2026-05-10T11:23:46] mfm evaluation invoked (exit=n/a) :: WI=$(python "plugins/model-family-mae/scripts/mfm_cli.py" plan --family "xgboost_v9" --feature-lane "backward_select_drop_num_house_2_rooms" --change-kind "feature" --hypothesis-unit "drop_num_house_2_rooms" --feature-group "structural_numeric" --anchor-run-id "20260510-111630-deepen-backward_select_pool10" --description "Deepen iter9: backward selection drop=num_house_2_rooms." --params-summary "deepen_iter9_drop_num_house_2_rooms" --seed 42 --write 2>&1 | python -c "import sys,json; print(json.load(sys.stdin)['work_item_path'])")
RES=$(python "plugins/model-family-mae/scripts/mfm_cli.py" run "$WI" 2>&1 | python -c "import sys,json; d=json.load(sys.stdin); print(d['cv_mae'], d['cv_mae_std'], d['runtime_seconds'], d['run_id'])")
echo "RES: $RES"
RID=$(echo "$RES" | awk '{print $4}')
python "plugins/model-family-mae/scripts/mfm_cli.py" reflect "experiments/xgboost_v9/runs/$RID/result.json" 2>&1 | python -c "import sys,json; d=json.load(sys.stdin); print('best_run:', d['state']['best_run_id'])"
[2026-05-10T11:24:39] mfm evaluation invoked (exit=n/a) :: WI=$(python "plugins/model-family-mae/scripts/mfm_cli.py" plan --family "xgboost_v9" --feature-lane "backward_select_drop_year" --change-kind "feature" --hypothesis-unit "drop_year" --feature-group "date_time" --anchor-run-id "20260510-111630-deepen-backward_select_pool10" --description "Deepen iter10: backward selection drop=year." --params-summary "deepen_iter10_drop_year" --seed 42 --write 2>&1 | python -c "import sys,json; print(json.load(sys.stdin)['work_item_path'])")
RES=$(python "plugins/model-family-mae/scripts/mfm_cli.py" run "$WI" 2>&1 | python -c "import sys,json; d=json.load(sys.stdin); print(d['cv_mae'], d['cv_mae_std'], d['runtime_seconds'], d['run_id'])")
echo "RES: $RES"
RID=$(echo "$RES" | awk '{print $4}')
python "plugins/model-family-mae/scripts/mfm_cli.py" reflect "experiments/xgboost_v9/runs/$RID/result.json" 2>&1 | python -c "import sys,json; d=json.load(sys.stdin); print('best_run:', d['state']['best_run_id'])"
[2026-05-10T11:25:25] mfm evaluation invoked (exit=n/a) :: WI=$(python "plugins/model-family-mae/scripts/mfm_cli.py" plan --family "xgboost_v9" --feature-lane "backward_select_drop_month" --change-kind "feature" --hypothesis-unit "drop_month" --feature-group "date_time" --anchor-run-id "20260510-111630-deepen-backward_select_pool10" --description "Deepen iter11: backward selection drop=month." --params-summary "deepen_iter11_drop_month" --seed 42 --write 2>&1 | python -c "import sys,json; print(json.load(sys.stdin)['work_item_path'])")
RES=$(python "plugins/model-family-mae/scripts/mfm_cli.py" run "$WI" 2>&1 | python -c "import sys,json; d=json.load(sys.stdin); print(d['cv_mae'], d['cv_mae_std'], d['runtime_seconds'], d['run_id'])")
echo "RES: $RES"
RID=$(echo "$RES" | awk '{print $4}')
python "plugins/model-family-mae/scripts/mfm_cli.py" reflect "experiments/xgboost_v9/runs/$RID/result.json" 2>&1 | python -c "import sys,json; d=json.load(sys.stdin); print('best_run:', d['state']['best_run_id'])"
[2026-05-10T11:27:03] mfm evaluation invoked (exit=n/a) :: WI=$(python "plugins/model-family-mae/scripts/mfm_cli.py" plan --family "xgboost_v9" --feature-lane "backward_select_drop_date_unit" --change-kind "feature" --hypothesis-unit "drop_date_time_unit" --feature-group "date_time" --anchor-run-id "20260510-111630-deepen-backward_select_pool10" --description "Deepen iter12: drop date_time unit (year+month together as one semantic group). Year and month single-drops were both within noise; testing them as a coherent unit." --params-summary "deepen_iter12_drop_date_unit" --seed 42 --write 2>&1 | python -c "import sys,json; print(json.load(sys.stdin)['work_item_path'])")
RES=$(python "plugins/model-family-mae/scripts/mfm_cli.py" run "$WI" 2>&1 | python -c "import sys,json; d=json.load(sys.stdin); print(d['cv_mae'], d['cv_mae_std'], d['runtime_seconds'], d['run_id'])")
echo "RES: $RES"
RID=$(echo "$RES" | awk '{print $4}')
python "plugins/model-family-mae/scripts/mfm_cli.py" reflect "experiments/xgboost_v9/runs/$RID/result.json" 2>&1 | python -c "import sys,json; d=json.load(sys.stdin); print('best_run:', d['state']['best_run_id'])"
[2026-05-10T11:28:03] mfm evaluation invoked (exit=n/a) :: WI=$(python "plugins/model-family-mae/scripts/mfm_cli.py" plan --family "xgboost_v9" --feature-lane "keystone_pair_only" --change-kind "feature" --hypothesis-unit "keystone_pair_essentials" --feature-group "structural_numeric" --anchor-run-id "20260510-111630-deepen-backward_select_pool10" --description "Deepen iter13 (multi_change): keystone_pair_only = built_area + land_area. Tests whether the two backward-selection-essential features alone hold up vs the 10-feature anchor. Cumulative drop of all 8 tie-droppable features as a single recipe-level decision." --params-summary "deepen_iter13_keystone_pair_only_multi_change" --seed 42 --write 2>&1 | python -c "import sys,json; print(json.load(sys.stdin)['work_item_path'])")
RES=$(python "plugins/model-family-mae/scripts/mfm_cli.py" run "$WI" 2>&1 | python -c "import sys,json; d=json.load(sys.stdin); print(d['cv_mae'], d['cv_mae_std'], d['runtime_seconds'], d['run_id'])")
echo "RES: $RES"
RID=$(echo "$RES" | awk '{print $4}')
python "plugins/model-family-mae/scripts/mfm_cli.py" reflect "experiments/xgboost_v9/runs/$RID/result.json" 2>&1 | python -c "import sys,json; d=json.load(sys.stdin); print('best_run:', d['state']['best_run_id'])"
[2026-05-10T11:29:06] mfm evaluation invoked (exit=n/a) :: WI=$(python "plugins/model-family-mae/scripts/mfm_cli.py" plan --family "xgboost_v9" --feature-lane "lean_7_drop_strongest_ties" --change-kind "feature" --hypothesis-unit "lean_7_subset" --feature-group "structural_numeric" --anchor-run-id "20260510-111630-deepen-backward_select_pool10" --description "Deepen iter14 (multi_change): lean_7 = anchor minus the 3 strongest tie-droppers (month -26, num_apt_2_rooms -13, apartment_area +237). Tests cumulative drop of low-information features. After keystone_pair collapse (+4828) we know aggressive drops compound badly; this is the conservative middle ground." --params-summary "deepen_iter14_lean_7_multi_change" --seed 42 --write 2>&1 | python -c "import sys,json; print(json.load(sys.stdin)['work_item_path'])")
RES=$(python "plugins/model-family-mae/scripts/mfm_cli.py" run "$WI" 2>&1 | python -c "import sys,json; d=json.load(sys.stdin); print(d['cv_mae'], d['cv_mae_std'], d['runtime_seconds'], d['run_id'])")
echo "RES: $RES"
RID=$(echo "$RES" | awk '{print $4}')
python "plugins/model-family-mae/scripts/mfm_cli.py" reflect "experiments/xgboost_v9/runs/$RID/result.json" 2>&1 | python -c "import sys,json; d=json.load(sys.stdin); print('best_run:', d['state']['best_run_id'])"
[2026-05-10T11:30:04] mfm evaluation invoked (exit=n/a) :: WI=$(python "plugins/model-family-mae/scripts/mfm_cli.py" plan --family "xgboost_v9" --feature-lane "lean_5_top_signal" --change-kind "feature" --hypothesis-unit "lean_5_subset" --feature-group "structural_numeric" --anchor-run-id "20260510-111630-deepen-backward_select_pool10" --description "Deepen iter15 (multi_change): lean_5 = essentials + top signal (built_area, land_area, house_area, num_lots, num_commercial). After lean_7 ties anchor, push to find floor by dropping num_house_2_rooms + year on top of lean_7's drops. If lean_5 ties, the 5-feature minimal is the recipe to confirm." --params-summary "deepen_iter15_lean_5_multi_change" --seed 42 --write 2>&1 | python -c "import sys,json; print(json.load(sys.stdin)['work_item_path'])")
RES=$(python "plugins/model-family-mae/scripts/mfm_cli.py" run "$WI" 2>&1 | python -c "import sys,json; d=json.load(sys.stdin); print(d['cv_mae'], d['cv_mae_std'], d['runtime_seconds'], d['run_id'])")
echo "RES: $RES"
RID=$(echo "$RES" | awk '{print $4}')
python "plugins/model-family-mae/scripts/mfm_cli.py" reflect "experiments/xgboost_v9/runs/$RID/result.json" 2>&1 | python -c "import sys,json; d=json.load(sys.stdin); print('best_run:', d['state']['best_run_id'])"
[2026-05-10T12:52:30] mfm evaluation invoked (exit=n/a) :: WI=$(python "plugins/model-family-mae/scripts/mfm_cli.py" plan --family "xgboost_v10" --feature-lane "transfer_only_3" --change-kind "feature" --hypothesis-unit "transfer_mode_triplet" --feature-group "id_derived" --description "Smoke iter1 (signal isolation): XGBoost on 3 transfer-mode features (n_transferred, transfer_overlap_ratio, is_no_transfer) derived from parcel_ids vs transferred_parcel_ids set arithmetic. Tests whether the 32% no_transfer / 66% full_match / 1.5% partial split (median 80k vs 118k) predicts in isolation. Baseline-3-style." --params-summary "smoke_iter1_transfer_only_3" --seed 42 --write 2>&1 | python -c "import sys,json; print(json.load(sys.stdin)['work_item_path'])")
echo "WI=$WI"
RES=$(python "plugins/model-family-mae/scripts/mfm_cli.py" run "$WI" 2>&1 | python -c "import sys,json; d=json.load(sys.stdin); print(d['cv_mae'], d['cv_mae_std'], d['runtime_seconds'], d['run_id'])")
echo "RES: $RES"
RID=$(echo "$RES" | awk '{print $4}')
python "plugins/model-family-mae/scripts/mfm_cli.py" reflect "experiments/xgboost_v10/runs/$RID/result.json" 2>&1 | python -c "import sys,json; d=json.load(sys.stdin); print('best_run:', d['state']['best_run_id'])"
[2026-05-10T13:00:50] mfm evaluation invoked (exit=n/a) :: WI=$(python "plugins/model-family-mae/scripts/mfm_cli.py" plan --family "xgboost_v10" --feature-lane "shrunk_v6_anchor" --change-kind "feature" --hypothesis-unit "shrunk_v6_anchor_baseline" --feature-group "structural_numeric" --description "Smoke iter2: re-establish v6 anchor at smoke speed (top5 sub-models, n_est=2000) without transfer features. Sets the baseline for measuring transfer-feature lift in Lane 3." --params-summary "smoke_iter2_shrunk_v6_anchor" --seed 42 --write 2>&1 | python -c "import sys,json; print(json.load(sys.stdin)['work_item_path'])")
echo "WI=$WI"
RES=$(python "plugins/model-family-mae/scripts/mfm_cli.py" run "$WI" 2>&1 | python -c "import sys,json; d=json.load(sys.stdin); print(d['cv_mae'], d['cv_mae_std'], d['runtime_seconds'], d['run_id'])")
echo "RES: $RES"
RID=$(echo "$RES" | awk '{print $4}')
python "plugins/model-family-mae/scripts/mfm_cli.py" reflect "experiments/xgboost_v10/runs/$RID/result.json" 2>&1 | python -c "import sys,json; d=json.load(sys.stdin); print('best_run:', d['state']['best_run_id'])"
[2026-05-10T13:11:54] mfm evaluation invoked (exit=n/a) :: WI=$(python "plugins/model-family-mae/scripts/mfm_cli.py" plan --family "xgboost_v10" --feature-lane "shrunk_v6_plus_transfer" --change-kind "feature" --hypothesis-unit "transfer_mode_features_added_to_anchor" --feature-group "id_derived" --anchor-run-id "20260510-125333-smoke-shrunk_v6_anchor" --description "Smoke iter3: same shrunk v6 anchor as Lane 2 + 4 transfer-mode features (n_transferred, n_parcels_kept, transfer_overlap_ratio, is_no_transfer). Single-knob feature addition. Compare to Lane 2 (48441.69) for incremental lift." --params-summary "smoke_iter3_shrunk_v6_plus_transfer" --seed 42 --write 2>&1 | python -c "import sys,json; print(json.load(sys.stdin)['work_item_path'])")
echo "WI=$WI"
RES=$(python "plugins/model-family-mae/scripts/mfm_cli.py" run "$WI" 2>&1 | python -c "import sys,json; d=json.load(sys.stdin); print(d['cv_mae'], d['cv_mae_std'], d['runtime_seconds'], d['run_id'])")
echo "RES: $RES"
RID=$(echo "$RES" | awk '{print $4}')
python "plugins/model-family-mae/scripts/mfm_cli.py" reflect "experiments/xgboost_v10/runs/$RID/result.json" 2>&1 | python -c "import sys,json; d=json.load(sys.stdin); print('best_run:', d['state']['best_run_id'])"
[2026-05-10T13:14:11] mfm evaluation invoked (exit=n/a) :: WI=$(python "plugins/model-family-mae/scripts/mfm_cli.py" plan --family "xgboost_v10" --feature-lane "shrunk_v6_anchor_n1000" --change-kind "hyperparameter" --hypothesis-unit "anchor_n1000" --feature-group "structural_numeric" --description "Deepen iter1: re-anchor at n_est=1000 (vs Lane 2's 2000) so iter2 with transfer features fits the 10-min budget. Establishes the runtime-safe deepen baseline." --params-summary "deepen_iter1_anchor_n1000" --seed 42 --write 2>&1 | python -c "import sys,json; print(json.load(sys.stdin)['work_item_path'])")
echo "WI=$WI"
RES=$(python "plugins/model-family-mae/scripts/mfm_cli.py" run "$WI" 2>&1 | python -c "import sys,json; d=json.load(sys.stdin); print(d['cv_mae'], d['cv_mae_std'], d['runtime_seconds'], d['run_id'])")
echo "RES: $RES"
RID=$(echo "$RES" | awk '{print $4}')
python "plugins/model-family-mae/scripts/mfm_cli.py" reflect "experiments/xgboost_v10/runs/$RID/result.json" 2>&1 | python -c "import sys,json; d=json.load(sys.stdin); print('best_run:', d['state']['best_run_id'])"
[2026-05-10T13:18:36] mfm evaluation invoked (exit=n/a) :: WI=$(python "plugins/model-family-mae/scripts/mfm_cli.py" plan --family "xgboost_v10" --feature-lane "shrunk_v6_anchor_n1000_plus_transfer" --change-kind "feature" --hypothesis-unit "transfer_mode_features_added_to_anchor" --feature-group "id_derived" --anchor-run-id "20260510-131411-deepen-shrunk_v6_anchor_n1000" --description "Deepen iter2 (single-knob feature addition): anchor n=1000 + 4 transfer-mode features (n_transferred, n_parcels_kept, transfer_overlap_ratio, is_no_transfer). Compare to iter1 (48772.08) for clean transfer-feature lift." --params-summary "deepen_iter2_plus_transfer4" --seed 42 --write 2>&1 | python -c "import sys,json; print(json.load(sys.stdin)['work_item_path'])")
echo "WI=$WI"
RES=$(python "plugins/model-family-mae/scripts/mfm_cli.py" run "$WI" 2>&1 | python -c "import sys,json; d=json.load(sys.stdin); print(d['cv_mae'], d['cv_mae_std'], d['runtime_seconds'], d['run_id'])")
echo "RES: $RES"
RID=$(echo "$RES" | awk '{print $4}')
python "plugins/model-family-mae/scripts/mfm_cli.py" reflect "experiments/xgboost_v10/runs/$RID/result.json" 2>&1 | python -c "import sys,json; d=json.load(sys.stdin); print('best_run:', d['state']['best_run_id'])"
[2026-05-10T13:43:02] mfm evaluation invoked (exit=n/a) :: WI=$(python "plugins/model-family-mae/scripts/mfm_cli.py" plan --family "xgboost_v11" --feature-lane "velocity_only_4" --change-kind "feature" --hypothesis-unit "commune_time_velocity" --feature-group "date_time" --description "Smoke iter1 (signal isolation): XGBoost on 4 fold-safe commune-time velocity features (n_txns_prev_60d/180d, avg_built_area_prev_60d, days_since_last_txn). Tests whether commune-time density predicts in isolation. History built from training fold only; lookup strictly less-than row's own date." --params-summary "smoke_iter1_velocity_only_4" --seed 42 --write 2>&1 | python -c "import sys,json; print(json.load(sys.stdin)['work_item_path'])")
echo "WI=$WI"
RES=$(python "plugins/model-family-mae/scripts/mfm_cli.py" run "$WI" 2>&1 | python -c "import sys,json; d=json.load(sys.stdin); print(d['cv_mae'], d['cv_mae_std'], d['runtime_seconds'], d['run_id'], d['status'])")
echo "RES: $RES"
RID=$(echo "$RES" | awk '{print $4}')
python "plugins/model-family-mae/scripts/mfm_cli.py" reflect "experiments/xgboost_v11/runs/$RID/result.json" 2>&1 | python -c "import sys,json; d=json.load(sys.stdin); print('best_run:', d['state']['best_run_id'])"
[2026-05-10T13:44:38] mfm evaluation invoked (exit=n/a) :: RES=$(python "plugins/model-family-mae/scripts/mfm_cli.py" run "experiments/xgboost_v11/work_items/20260510-134430-smoke-shrunk_v6_anchor_n1000.json" 2>&1 | python -c "import sys,json; d=json.load(sys.stdin); print(d['cv_mae'], d['cv_mae_std'], d['runtime_seconds'], d['run_id'], d['status'])")
echo "RES: $RES"
RID=$(echo "$RES" | awk '{print $4}')
python "plugins/model-family-mae/scripts/mfm_cli.py" reflect "experiments/xgboost_v11/runs/$RID/result.json" 2>&1 | python -c "import sys,json; d=json.load(sys.stdin); print('best_run:', d['state']['best_run_id'])"
[2026-05-10T13:48:05] mfm evaluation invoked (exit=n/a) :: WI=$(python "plugins/model-family-mae/scripts/mfm_cli.py" plan --family "xgboost_v11" --feature-lane "shrunk_v6_anchor_n1000_plus_velocity" --change-kind "feature" --hypothesis-unit "commune_time_velocity" --feature-group "date_time" --anchor-run-id "20260510-134430-smoke-shrunk_v6_anchor_n1000" --description "Smoke iter3: same anchor n=1000 + 4 fold-safe velocity features (n_txns_prev_60d/180d, avg_built_area_prev_60d, days_since_last_txn). Single-knob feature addition. Compare to Lane 2 (48772.08) for clean velocity lift." --params-summary "smoke_iter3_shrunk_v6_plus_velocity" --seed 42 --write 2>&1 | python -c "import sys,json; print(json.load(sys.stdin)['work_item_path'])")
echo "WI=$WI"
RES=$(python "plugins/model-family-mae/scripts/mfm_cli.py" run "$WI" 2>&1 | python -c "import sys,json; d=json.load(sys.stdin); print(d['cv_mae'], d['cv_mae_std'], d['runtime_seconds'], d['run_id'], d['status'])")
echo "RES: $RES"
RID=$(echo "$RES" | awk '{print $4}')
python "plugins/model-family-mae/scripts/mfm_cli.py" reflect "experiments/xgboost_v11/runs/$RID/result.json" 2>&1 | python -c "import sys,json; d=json.load(sys.stdin); print('best_run:', d['state']['best_run_id'])"
